# JRE version: OpenJDK Runtime Environment Microsoft-12574459 (21.0.9+10) (build 21.0.9+10-LTS)
# Java VM: OpenJDK 64-Bit Server VM Microsoft-12574459 (21.0.9+10-LTS, mixed mode, emulated-client, sharing, tiered, compressed oops, compressed class ptrs, g1 gc, windows-amd64)
GC Precious Log:
 CardTable entry size: 512
 Card Set container configuration: InlinePtr #cards 5 size 8 Array Of Cards #cards 12 size 40 Howl #buckets 4 coarsen threshold 1843 Howl Bitmap #cards 512 size 80 coarsen threshold 460 Card regions per heap region 1 cards per card region 2048
 CPUs: 12 total, 12 available
 Memory: 7913M
 Large Page Support: Disabled
 NUMA Support: Disabled
 Compressed Oops: Enabled (32-bit)
 Heap Region Size: 1M
 Heap Min Capacity: 8M
 Heap Initial Capacity: 124M
 Heap Max Capacity: 1980M
 Pre-touch: Disabled
 Parallel Workers: 10
 Concurrent Workers: 3
 Concurrent Refinement Workers: 10
 Periodic GC: Disabled
Heap:
 garbage-first heap   total 119808K, used 42318K [0x0000000084400000, 0x0000000100000000)
  region size 1024K, 4 young (4096K), 4 survivors (4096K)
 Metaspace       used 89158K, committed 89984K, reserved 1179648K
  class space    used 13069K, committed 13440K, reserved 1048576K
GC Heap History (20 events):
Event: 2546.012 GC heap after
{Heap after GC invocations=37 (full 0):
 garbage-first heap   total 135168K, used 40957K [0x0000000084400000, 0x0000000100000000)
  region size 1024K, 3 young (3072K), 3 survivors (3072K)
 Metaspace       used 87511K, committed 88256K, reserved 1179648K
  class space    used 12844K, committed 13184K, reserved 1048576K
}
Event: 3056.791 GC heap before
{Heap before GC invocations=38 (full 0):
 garbage-first heap   total 135168K, used 118781K [0x0000000084400000, 0x0000000100000000)
  region size 1024K, 79 young (80896K), 3 survivors (3072K)
 Metaspace       used 87482K, committed 88256K, reserved 1179648K
  class space    used 12836K, committed 13184K, reserved 1048576K
}
Event: 3056.795 GC heap after
{Heap after GC invocations=39 (full 0):
 garbage-first heap   total 135168K, used 41017K [0x0000000084400000, 0x0000000100000000)
  region size 1024K, 4 young (4096K), 4 survivors (4096K)
 Metaspace       used 87482K, committed 88256K, reserved 1179648K
  class space    used 12836K, committed 13184K, reserved 1048576K
}
Event: 3537.237 GC heap before
{Heap before GC invocations=39 (full 0):
 garbage-first heap   total 135168K, used 117817K [0x0000000084400000, 0x0000000100000000)
  region size 1024K, 79 young (80896K), 4 survivors (4096K)
 Metaspace       used 87482K, committed 88256K, reserved 1179648K
  class space    used 12836K, committed 13184K, reserved 1048576K
}
Event: 3537.246 GC heap after
{Heap after GC invocations=40 (full 0):
 garbage-first heap   total 135168K, used 40288K [0x0000000084400000, 0x0000000100000000)
  region size 1024K, 4 young (4096K), 4 survivors (4096K)
 Metaspace       used 87482K, committed 88256K, reserved 1179648K
  class space    used 12836K, committed 13184K, reserved 1048576K
}
Event: 4036.212 GC heap before
{Heap before GC invocations=40 (full 0):
 garbage-first heap   total 135168K, used 117088K [0x0000000084400000, 0x0000000100000000)
  region size 1024K, 79 young (80896K), 4 survivors (4096K)
 Metaspace       used 87482K, committed 88256K, reserved 1179648K
  class space    used 12836K, committed 13184K, reserved 1048576K
}
Event: 4036.238 GC heap after
{Heap after GC invocations=41 (full 0):
 garbage-first heap   total 135168K, used 40040K [0x0000000084400000, 0x0000000100000000)
  region size 1024K, 4 young (4096K), 4 survivors (4096K)
 Metaspace       used 87482K, committed 88256K, reserved 1179648K
  class space    used 12836K, committed 13184K, reserved 1048576K
}
Event: 4500.056 GC heap before
{Heap before GC invocations=42 (full 0):
 garbage-first heap   total 135168K, used 116840K [0x0000000084400000, 0x0000000100000000)
  region size 1024K, 79 young (80896K), 4 survivors (4096K)
 Metaspace       used 87762K, committed 88512K, reserved 1179648K
  class space    used 12881K, committed 13248K, reserved 1048576K
}
Event: 4500.068 GC heap after
{Heap after GC invocations=43 (full 0):
 garbage-first heap   total 135168K, used 40744K [0x0000000084400000, 0x0000000100000000)
  region size 1024K, 4 young (4096K), 4 survivors (4096K)
 Metaspace       used 87762K, committed 88512K, reserved 1179648K
  class space    used 12881K, committed 13248K, reserved 1048576K
}
Event: 4928.736 GC heap before
{Heap before GC invocations=43 (full 0):
 garbage-first heap   total 135168K, used 117544K [0x0000000084400000, 0x0000000100000000)
  region size 1024K, 79 young (80896K), 4 survivors (4096K)
 Metaspace       used 87785K, committed 88576K, reserved 1179648K
  class space    used 12883K, committed 13248K, reserved 1048576K
}
Event: 4928.780 GC heap after
{Heap after GC invocations=44 (full 0):
 garbage-first heap   total 135168K, used 39950K [0x0000000084400000, 0x0000000100000000)
  region size 1024K, 4 young (4096K), 4 survivors (4096K)
 Metaspace       used 87785K, committed 88576K, reserved 1179648K
  class space    used 12883K, committed 13248K, reserved 1048576K
}
Event: 5415.434 GC heap before
{Heap before GC invocations=44 (full 0):
 garbage-first heap   total 135168K, used 116750K [0x0000000084400000, 0x0000000100000000)
  region size 1024K, 79 young (80896K), 4 survivors (4096K)
 Metaspace       used 87785K, committed 88576K, reserved 1179648K
  class space    used 12883K, committed 13248K, reserved 1048576K
}
Event: 5415.470 GC heap after
{Heap after GC invocations=45 (full 0):
 garbage-first heap   total 135168K, used 39412K [0x0000000084400000, 0x0000000100000000)
  region size 1024K, 4 young (4096K), 4 survivors (4096K)
 Metaspace       used 87785K, committed 88576K, reserved 1179648K
  class space    used 12883K, committed 13248K, reserved 1048576K
}
Event: 5909.308 GC heap before
{Heap before GC invocations=46 (full 0):
 garbage-first heap   total 135168K, used 116212K [0x0000000084400000, 0x0000000100000000)
  region size 1024K, 79 young (80896K), 4 survivors (4096K)
 Metaspace       used 87866K, committed 88640K, reserved 1179648K
  class space    used 12906K, committed 13248K, reserved 1048576K
}
Event: 5909.333 GC heap after
{Heap after GC invocations=47 (full 0):
 garbage-first heap   total 135168K, used 39160K [0x0000000084400000, 0x0000000100000000)
  region size 1024K, 4 young (4096K), 4 survivors (4096K)
 Metaspace       used 87866K, committed 88640K, reserved 1179648K
  class space    used 12906K, committed 13248K, reserved 1048576K
}
Event: 5909.388 GC heap before
{Heap before GC invocations=47 (full 0):
 garbage-first heap   total 135168K, used 39160K [0x0000000084400000, 0x0000000100000000)
  region size 1024K, 5 young (5120K), 4 survivors (4096K)
 Metaspace       used 87911K, committed 88640K, reserved 1179648K
  class space    used 12917K, committed 13248K, reserved 1048576K
}
Event: 5909.703 GC heap after
{Heap after GC invocations=48 (full 1):
 garbage-first heap   total 119808K, used 32034K [0x0000000084400000, 0x0000000100000000)
  region size 1024K, 0 young (0K), 0 survivors (0K)
 Metaspace       used 87743K, committed 88640K, reserved 1179648K
  class space    used 12876K, committed 13248K, reserved 1048576K
}
Event: 5910.781 GC heap before
{Heap before GC invocations=48 (full 1):
 garbage-first heap   total 119808K, used 102690K [0x0000000084400000, 0x0000000100000000)
  region size 1024K, 70 young (71680K), 0 survivors (0K)
 Metaspace       used 88292K, committed 89024K, reserved 1179648K
  class space    used 12974K, committed 13312K, reserved 1048576K
}
Event: 5910.799 GC heap after
{Heap after GC invocations=49 (full 1):
 garbage-first heap   total 119808K, used 39565K [0x0000000084400000, 0x0000000100000000)
  region size 1024K, 8 young (8192K), 8 survivors (8192K)
 Metaspace       used 88292K, committed 89024K, reserved 1179648K
  class space    used 12974K, committed 13312K, reserved 1048576K
}
Event: 5937.087 GC heap before
{Heap before GC invocations=50 (full 1):
 garbage-first heap   total 119808K, used 103053K [0x0000000084400000, 0x0000000100000000)
  region size 1024K, 70 young (71680K), 8 survivors (8192K)
 Metaspace       used 89158K, committed 89984K, reserved 1179648K
  class space    used 13069K, committed 13440K, reserved 1048576K
}

